<?xml version="1.0" encoding="UTF-8"?>
<!-- Generated by org.testng.reporters.JUnitReportReporter -->
<testsuite hostname="Monkey-D-Luffy" failures="0" tests="3" name="allTest.CucumberRunner" time="51.805" errors="0" timestamp="2023-01-21T20:18:47 IST" skipped="0">
  <testcase classname="allTest.CucumberRunner" name="runScenario" time="14.053"/>
  <system-out/>
  <testcase classname="allTest.CucumberRunner" name="runScenario" time="26.307"/>
  <system-out/>
  <testcase classname="allTest.CucumberRunner" name="runScenario" time="11.445"/>
  <system-out/>
</testsuite> <!-- allTest.CucumberRunner -->
