<?xml version="1.0" encoding="UTF-8"?>
<!-- Generated by org.testng.reporters.JUnitReportReporter -->
<testsuite hostname="Kirtan-1910" failures="0" tests="3" name="allTest.CucumberRunner" time="33.371" errors="0" timestamp="2023-01-12T16:14:55 IST" skipped="0">
  <testcase classname="allTest.CucumberRunner" name="runScenario" time="18.462"/>
  <system-out/>
  <testcase classname="allTest.CucumberRunner" name="runScenario" time="2.065"/>
  <system-out/>
  <testcase classname="allTest.CucumberRunner" name="runScenario" time="12.844"/>
  <system-out/>
</testsuite> <!-- allTest.CucumberRunner -->
